* Host localhost:5001 was resolved.
* IPv6: ::1
* IPv4: 127.0.0.1
  % Total    % Received % Xferd  Average Speed   Time    Time     Time  Current
                                 Dload  Upload   Total   Spent    Left  Speed
  0     0    0     0    0     0      0      0 --:--:-- --:--:-- --:--:--     0*   Trying [::1]:5001...
* connect to ::1 port 5001 from ::1 port 54064 failed: Connection refused
*   Trying 127.0.0.1:5001...
* Connected to localhost (127.0.0.1) port 5001
> GET / HTTP/1.1
> Host: localhost:5001
> User-Agent: curl/8.7.1
> Accept: */*
> 
* Request completely sent off
< HTTP/1.1 200 OK
< Server: Werkzeug/3.1.3 Python/3.11.9
< Date: Sun, 23 Mar 2025 09:22:53 GMT
< Content-Type: text/html; charset=utf-8
< Content-Length: 26
< Connection: close
< 
{ [26 bytes data]
100    26  100    26    0     0     66      0 --:--:-- --:--:-- --:--:--    66
* Closing connection
2025-03-23 14:52:53.239507