* Host localhost:5001 was resolved.
* IPv6: ::1
* IPv4: 127.0.0.1
  % Total    % Received % Xferd  Average Speed   Time    Time     Time  Current
                                 Dload  Upload   Total   Spent    Left  Speed
  0     0    0     0    0     0      0      0 --:--:-- --:--:-- --:--:--     0*   Trying [::1]:5001...
* connect to ::1 port 5001 from ::1 port 54068 failed: Connection refused
*   Trying 127.0.0.1:5001...
* Connected to localhost (127.0.0.1) port 5001
> GET /update HTTP/1.1
> Host: localhost:5001
> User-Agent: curl/8.7.1
> Accept: */*
> 
* Request completely sent off
< HTTP/1.1 500 INTERNAL SERVER ERROR
< Server: Werkzeug/3.1.3 Python/3.11.9
< Date: Sun, 23 Mar 2025 09:22:53 GMT
< Content-Type: text/html; charset=utf-8
< Content-Length: 265
< Connection: close
< 
{ [265 bytes data]
100   265  100   265    0     0   1655      0 --:--:-- --:--:-- --:--:--  1666
* Closing connection
<!doctype html>
<html lang=en>
<title>500 Internal Server Error</title>
<h1>Internal Server Error</h1>
<p>The server encountered an internal error and was unable to complete your request. Either the server is overloaded or there is an error in the application.</p>
